<?xml version="1.0" encoding="UTF-8"?>
<testsuites>
  <testsuite name="Application Test Suite" tests="18" assertions="59" errors="0" failures="0" skipped="0" time="0.106038">
    <testsuite name="Hoyvoy\Tests\LocalizeTest" file="/tmpe/laravel-subdomain-localization/tests/LocalizeTest.php" tests="12" assertions="40" errors="0" failures="0" skipped="0" time="0.068073">
      <testcase name="testItReturnsTheAvailableLocales" class="Hoyvoy\Tests\LocalizeTest" classname="Hoyvoy.Tests.LocalizeTest" file="/tmpe/laravel-subdomain-localization/tests/LocalizeTest.php" line="44" assertions="1" time="0.026770"/>
      <testcase name="testItDoesNotRedirectANonLocalizedRoute" class="Hoyvoy\Tests\LocalizeTest" classname="Hoyvoy.Tests.LocalizeTest" file="/tmpe/laravel-subdomain-localization/tests/LocalizeTest.php" line="58" assertions="1" time="0.011198"/>
      <testcase name="testItDoesNotRedirectIfLocaleIsNotMissing" class="Hoyvoy\Tests\LocalizeTest" classname="Hoyvoy.Tests.LocalizeTest" file="/tmpe/laravel-subdomain-localization/tests/LocalizeTest.php" line="70" assertions="3" time="0.003172"/>
      <testcase name="testItDetectsAndSetsTheLocaleFromTheUrl" class="Hoyvoy\Tests\LocalizeTest" classname="Hoyvoy.Tests.LocalizeTest" file="/tmpe/laravel-subdomain-localization/tests/LocalizeTest.php" line="86" assertions="3" time="0.002603"/>
      <testcase name="testItDetectsAndSetsTheLocaleFromAliasedSubdomain" class="Hoyvoy\Tests\LocalizeTest" classname="Hoyvoy.Tests.LocalizeTest" file="/tmpe/laravel-subdomain-localization/tests/LocalizeTest.php" line="102" assertions="3" time="0.002729"/>
      <testcase name="testItDetectsAndSetsTheLocaleFromTheCookies" class="Hoyvoy\Tests\LocalizeTest" classname="Hoyvoy.Tests.LocalizeTest" file="/tmpe/laravel-subdomain-localization/tests/LocalizeTest.php" line="124" assertions="5" time="0.003038"/>
      <testcase name="testItIgnoresCookiesWhenCookieLocalizationIsDisabled" class="Hoyvoy\Tests\LocalizeTest" classname="Hoyvoy.Tests.LocalizeTest" file="/tmpe/laravel-subdomain-localization/tests/LocalizeTest.php" line="142" assertions="5" time="0.002636"/>
      <testcase name="testItDetectsAndSetsTheLocaleFromTheBrowser" class="Hoyvoy\Tests\LocalizeTest" classname="Hoyvoy.Tests.LocalizeTest" file="/tmpe/laravel-subdomain-localization/tests/LocalizeTest.php" line="163" assertions="5" time="0.002717"/>
      <testcase name="testItIgnoresBrowserSettingsWhenBrowserLocalizationIsDisabled" class="Hoyvoy\Tests\LocalizeTest" classname="Hoyvoy.Tests.LocalizeTest" file="/tmpe/laravel-subdomain-localization/tests/LocalizeTest.php" line="181" assertions="5" time="0.003143"/>
      <testcase name="testItDetectsAndSetsTheLocaleFromTheConfig" class="Hoyvoy\Tests\LocalizeTest" classname="Hoyvoy.Tests.LocalizeTest" file="/tmpe/laravel-subdomain-localization/tests/LocalizeTest.php" line="202" assertions="5" time="0.004081"/>
      <testcase name="testItRespondsWithTheCookieLocale" class="Hoyvoy\Tests\LocalizeTest" classname="Hoyvoy.Tests.LocalizeTest" file="/tmpe/laravel-subdomain-localization/tests/LocalizeTest.php" line="220" assertions="2" time="0.002785"/>
      <testcase name="testItDoesNotRespondWithTheCookieLocaleWhenCookieLocalizationIsDisabled" class="Hoyvoy\Tests\LocalizeTest" classname="Hoyvoy.Tests.LocalizeTest" file="/tmpe/laravel-subdomain-localization/tests/LocalizeTest.php" line="233" assertions="2" time="0.003200"/>
    </testsuite>
    <testsuite name="Hoyvoy\Tests\RouterTest" file="/tmpe/laravel-subdomain-localization/tests/RouterTest.php" tests="6" assertions="19" errors="0" failures="0" skipped="0" time="0.037965">
      <testcase name="testItReachesTranslatedRoutes" class="Hoyvoy\Tests\RouterTest" classname="Hoyvoy.Tests.RouterTest" file="/tmpe/laravel-subdomain-localization/tests/RouterTest.php" line="65" assertions="3" time="0.005051"/>
      <testcase name="testItReturnsARedirectUrl" class="Hoyvoy\Tests\RouterTest" classname="Hoyvoy.Tests.RouterTest" file="/tmpe/laravel-subdomain-localization/tests/RouterTest.php" line="83" assertions="3" time="0.002787"/>
      <testcase name="testItTranslatesTheCurrentRoute" class="Hoyvoy\Tests\RouterTest" classname="Hoyvoy.Tests.RouterTest" file="/tmpe/laravel-subdomain-localization/tests/RouterTest.php" line="104" assertions="3" time="0.008741"/>
      <testcase name="testItReturnsTranslatedVersionsOfTheCurrentRouteForAvailableLocales" class="Hoyvoy\Tests\RouterTest" classname="Hoyvoy.Tests.RouterTest" file="/tmpe/laravel-subdomain-localization/tests/RouterTest.php" line="130" assertions="3" time="0.015465"/>
      <testcase name="testItResolvesATranslatedRoutePath" class="Hoyvoy\Tests\RouterTest" classname="Hoyvoy.Tests.RouterTest" file="/tmpe/laravel-subdomain-localization/tests/RouterTest.php" line="160" assertions="2" time="0.002844"/>
      <testcase name="testItTranslatesARouteIntoAnUrl" class="Hoyvoy\Tests\RouterTest" classname="Hoyvoy.Tests.RouterTest" file="/tmpe/laravel-subdomain-localization/tests/RouterTest.php" line="176" assertions="5" time="0.003077"/>
    </testsuite>
  </testsuite>
</testsuites>
